í´ Build Path Analysis
=====================
1. Current Directory:
/c/MyProjects/plAIgiarized
2. Directory Structure:
total 524
drwxr-xr-x 1 mkeit 197609      0 Feb 14 12:08 .
drwxr-xr-x 1 mkeit 197609      0 Feb 12 22:30 ..
-rw-r--r-- 1 mkeit 197609    897 Feb 14 02:39 .env
-rw-r--r-- 1 mkeit 197609    867 Feb 14 01:57 .env.example
-rw-r--r-- 1 mkeit 197609    306 Feb 11 23:59 .env.local
-rw-r--r-- 1 mkeit 197609    747 Feb 13 00:59 .eslintrc.js
drwxr-xr-x 1 mkeit 197609      0 Feb 14 12:04 .git
-rw-r--r-- 1 mkeit 197609    659 Jan 31 01:21 .gitattributes
drwxr-xr-x 1 mkeit 197609      0 Feb 13 22:23 .github
-rw-r--r-- 1 mkeit 197609    456 Feb 11 23:55 .gitignore
-rw-r--r-- 1 mkeit 197609     40 Feb 14 02:09 .npmrc
drwxr-xr-x 1 mkeit 197609      0 Feb 11 00:20 .vercel
drwxr-xr-x 1 mkeit 197609      0 Feb  3 23:40 .vscode
drwxr-xr-x 1 mkeit 197609      0 Feb 14 00:56 app
-rw-r--r-- 1 mkeit 197609    812 Feb 14 00:29 backend-env-vars
-rwxr-xr-x 1 mkeit 197609    180 Feb 14 11:08 build.sh
-rw-r--r-- 1 mkeit 197609 260614 Feb 14 12:08 build-debug.log
-rwxr-xr-x 1 mkeit 197609   2061 Feb 14 11:46 build-diagnostic.sh
drwxr-xr-x 1 mkeit 197609      0 Feb 12 23:02 config
-rwxr-xr-x 1 mkeit 197609    533 Feb 14 11:32 diagnostic.sh
drwxr-xr-x 1 mkeit 197609      0 Feb 13 23:15 docs
-rw-r--r-- 1 mkeit 197609    393 Feb 11 23:52 eslint.config.mjs
drwxr-xr-x 1 mkeit 197609      0 Feb 12 22:22 extension
-rw-r--r-- 1 mkeit 197609    328 Feb 14 00:29 frontend-env-vars
drwxr-xr-x 1 mkeit 197609      0 Feb 13 22:22 lib
-rw-r--r-- 1 mkeit 197609   1402 Feb 14 01:25 middleware.ts
-rw-r--r-- 1 mkeit 197609    133 Feb 14 02:15 next.config.js
-rw-r--r-- 1 mkeit 197609    133 Feb 11 23:52 next.config.ts
-rw-r--r-- 1 mkeit 197609    228 Feb 14 00:40 next-env.d.ts
drwxr-xr-x 1 mkeit 197609      0 Feb 14 11:38 node_modules
-rw-r--r-- 1 mkeit 197609    776 Feb 14 11:38 package.json
-rw-r--r-- 1 mkeit 197609 106864 Feb 14 11:38 package-lock.json
drwxr-xr-x 1 mkeit 197609      0 Feb 14 02:22 plaigiarized-next
-rw-r--r-- 1 mkeit 197609     86 Feb 14 02:14 postcss.config.js
-rw-r--r-- 1 mkeit 197609    135 Feb 11 23:52 postcss.config.mjs
drwxr-xr-x 1 mkeit 197609      0 Feb 14 00:37 prisma
drwxr-xr-x 1 mkeit 197609      0 Feb 11 23:52 public
-rw-r--r-- 1 mkeit 197609     93 Jan 30 23:28 README.md
drwxr-xr-x 1 mkeit 197609      0 Feb 13 23:47 scripts
drwxr-xr-x 1 mkeit 197609      0 Feb 14 00:44 src
-rw-r--r-- 1 mkeit 197609    301 Feb 14 02:15 tailwind.config.js
-rw-r--r-- 1 mkeit 197609    393 Feb 11 23:52 tailwind.config.ts
drwxr-xr-x 1 mkeit 197609      0 Feb 13 00:46 tests
-rw-r--r-- 1 mkeit 197609    617 Feb 13 22:45 tsconfig.json
-rw-r--r-- 1 mkeit 197609    109 Feb 14 12:04 vercel.json
-rwxr-xr-x 1 mkeit 197609    170 Feb 14 11:18 vercel-build.sh
-rwxr-xr-x 1 mkeit 197609    663 Feb 14 12:09 vercel-debug.sh
-rwxr-xr-x 1 mkeit 197609    976 Feb 14 11:32 vercel-diagnostic.sh
3. Checking Critical Paths:
- src/frontend exists?
âœ… Yes
- package.json exists?
âœ… Yes
- vite binary exists?
âœ… Yes
4. Package.json Content:
{
  "name": "plaigiarized",
  "version": "1.0.0",
  "private": true,
  "type": "module",
  "engines": {
    "node": ">=16.x"
  },
  "scripts": {
    "preinstall": "chmod +x ./node_modules/.bin/* || true",
    "prebuild": "chmod +x ./node_modules/.bin/* || true",
    "postinstall": "chmod +x ./node_modules/.bin/* || true",
    "dev": "vite",
    "build": "vite build",
    "preview": "vite preview"
  },
  "dependencies": {
    "axios": "^1.6.7",
    "react": "^18.2.0",
    "react-dom": "^18.2.0"
  },
  "devDependencies": {
    "@types/react": "^18.2.55",
    "@types/react-dom": "^18.2.19",
    "@vitejs/plugin-react": "^4.2.1",
    "autoprefixer": "^10.4.17",
    "postcss": "^8.4.35",
    "tailwindcss": "^3.4.1",
    "typescript": "^5.3.3",
    "vite": "^5.4.14"
  }
}
